<?xml version="1.0" encoding="UTF-8"?>
<!-- Generated by org.testng.reporters.JUnitXMLReporter -->
<testsuite ignored="0" hostname="DESKTOP-VT3OHNN" failures="0" tests="4" name="Test" time="137.902" errors="0" timestamp="2024-04-26T09:11:27 IST">
  <testcase classname="testcases.VerifyResgistrationTestCases" name="verifyRegisterationWithInValidData" time="2.99"/>
  <testcase classname="testcases.VerifyResgistrationTestCases" name="verifyRegisterationWithValidData" time="15.341"/>
  <testcase classname="testcases.VerifyLoginTestCases" name="verifyLoginithInValidData" time="7.552"/>
  <testcase classname="testcases.VerifyLoginTestCases" name="verifyLoginithValidData" time="9.898"/>
</testsuite> <!-- Test -->
