<?xml version="1.0" encoding="UTF-8"?>
<testng-results ignored="0" total="4" passed="4" failed="0" skipped="0">
  <reporter-output>
  </reporter-output>
  <suite started-at="2024-04-26T09:09:08 IST" name="Suite" finished-at="2024-04-26T09:11:26 IST" duration-ms="137902">
    <groups>
    </groups>
    <test started-at="2024-04-26T09:09:08 IST" name="Test" finished-at="2024-04-26T09:11:26 IST" duration-ms="137902">
      <class name="testcases.VerifyResgistrationTestCases">
        <test-method is-config="true" signature="launchBrowserAndUrl()[pri:0, instance:testcases.VerifyResgistrationTestCases@1a18644]" started-at="2024-04-26T09:09:09 IST" name="launchBrowserAndUrl" finished-at="2024-04-26T09:10:03 IST" duration-ms="54249" status="PASS">
          <reporter-output>
          </reporter-output>
        </test-method> <!-- launchBrowserAndUrl -->
        <test-method signature="verifyRegisterationWithInValidData()[pri:0, instance:testcases.VerifyResgistrationTestCases@1a18644]" started-at="2024-04-26T09:10:03 IST" name="verifyRegisterationWithInValidData" finished-at="2024-04-26T09:10:06 IST" duration-ms="2990" status="PASS">
          <reporter-output>
          </reporter-output>
        </test-method> <!-- verifyRegisterationWithInValidData -->
        <test-method is-config="true" signature="launchBrowserAndUrl()[pri:0, instance:testcases.VerifyResgistrationTestCases@1a18644]" started-at="2024-04-26T09:10:06 IST" name="launchBrowserAndUrl" finished-at="2024-04-26T09:10:16 IST" duration-ms="10231" status="PASS">
          <reporter-output>
          </reporter-output>
        </test-method> <!-- launchBrowserAndUrl -->
        <test-method signature="verifyRegisterationWithValidData()[pri:0, instance:testcases.VerifyResgistrationTestCases@1a18644]" started-at="2024-04-26T09:10:16 IST" name="verifyRegisterationWithValidData" finished-at="2024-04-26T09:10:32 IST" duration-ms="15341" status="PASS">
          <reporter-output>
          </reporter-output>
        </test-method> <!-- verifyRegisterationWithValidData -->
      </class> <!-- testcases.VerifyResgistrationTestCases -->
      <class name="testcases.VerifyLoginTestCases">
        <test-method is-config="true" signature="launchBrowserAndUrl()[pri:0, instance:testcases.VerifyLoginTestCases@12aba8be]" started-at="2024-04-26T09:10:32 IST" name="launchBrowserAndUrl" finished-at="2024-04-26T09:10:47 IST" duration-ms="15015" status="PASS">
          <reporter-output>
          </reporter-output>
        </test-method> <!-- launchBrowserAndUrl -->
        <test-method signature="verifyLoginithInValidData()[pri:0, instance:testcases.VerifyLoginTestCases@12aba8be]" started-at="2024-04-26T09:10:47 IST" name="verifyLoginithInValidData" finished-at="2024-04-26T09:10:54 IST" duration-ms="7552" status="PASS">
          <reporter-output>
          </reporter-output>
        </test-method> <!-- verifyLoginithInValidData -->
        <test-method is-config="true" signature="launchBrowserAndUrl()[pri:0, instance:testcases.VerifyLoginTestCases@12aba8be]" started-at="2024-04-26T09:10:54 IST" name="launchBrowserAndUrl" finished-at="2024-04-26T09:11:16 IST" duration-ms="22260" status="PASS">
          <reporter-output>
          </reporter-output>
        </test-method> <!-- launchBrowserAndUrl -->
        <test-method signature="verifyLoginithValidData()[pri:0, instance:testcases.VerifyLoginTestCases@12aba8be]" started-at="2024-04-26T09:11:16 IST" name="verifyLoginithValidData" finished-at="2024-04-26T09:11:26 IST" duration-ms="9898" status="PASS">
          <reporter-output>
          </reporter-output>
        </test-method> <!-- verifyLoginithValidData -->
      </class> <!-- testcases.VerifyLoginTestCases -->
    </test> <!-- Test -->
  </suite> <!-- Suite -->
</testng-results>
